0 info it worked if it ends with ok
1 verbose cli [ 'node', '/usr/local/bin/npm', 'install', 'android-22' ]
2 info using npm@2.11.3
3 info using node@v0.12.7
4 verbose install initial load of /Users/pablolopez/Desktop/tutorials/front-end-masters/ionic/trendindex/package.json
5 warn package.json trendindex@1.0.0 No repository field.
6 warn package.json trendindex@1.0.0 No README data
7 warn package.json trendindex@1.0.0 No license field.
8 verbose installManyTop reading scoped package data from /Users/pablolopez/Desktop/tutorials/front-end-masters/ionic/trendindex/node_modules/bower/package.json
9 verbose installManyTop reading scoped package data from /Users/pablolopez/Desktop/tutorials/front-end-masters/ionic/trendindex/node_modules/gulp/package.json
10 verbose installManyTop reading scoped package data from /Users/pablolopez/Desktop/tutorials/front-end-masters/ionic/trendindex/node_modules/gulp-concat/package.json
11 verbose installManyTop reading scoped package data from /Users/pablolopez/Desktop/tutorials/front-end-masters/ionic/trendindex/node_modules/gulp-minify-css/package.json
12 verbose installManyTop reading scoped package data from /Users/pablolopez/Desktop/tutorials/front-end-masters/ionic/trendindex/node_modules/gulp-rename/package.json
13 verbose installManyTop reading scoped package data from /Users/pablolopez/Desktop/tutorials/front-end-masters/ionic/trendindex/node_modules/gulp-sass/package.json
14 verbose installManyTop reading scoped package data from /Users/pablolopez/Desktop/tutorials/front-end-masters/ionic/trendindex/node_modules/gulp-util/package.json
15 verbose installManyTop reading scoped package data from /Users/pablolopez/Desktop/tutorials/front-end-masters/ionic/trendindex/node_modules/shelljs/package.json
16 info package.json gulp-minify-css@0.3.13 No license field.
17 info package.json gulp-rename@1.2.2 No license field.
18 info package.json shelljs@0.3.0 license should be a valid SPDX license expression
19 info package.json gulp-util@2.2.20 No license field.
20 verbose readDependencies loading dependencies from /Users/pablolopez/Desktop/tutorials/front-end-masters/ionic/trendindex/package.json
21 silly cache add args [ 'android-22', null ]
22 verbose cache add spec android-22
23 silly cache add parsed spec { raw: 'android-22',
23 silly cache add   scope: null,
23 silly cache add   name: 'android-22',
23 silly cache add   rawSpec: '',
23 silly cache add   spec: '*',
23 silly cache add   type: 'range' }
24 silly addNamed android-22@*
25 verbose addNamed "*" is a valid semver range for android-22
26 silly addNameRange { name: 'android-22', range: '*', hasData: false }
27 silly mapToRegistry name android-22
28 silly mapToRegistry using default registry
29 silly mapToRegistry registry https://registry.npmjs.org/
30 silly mapToRegistry uri https://registry.npmjs.org/android-22
31 verbose addNameRange registry:https://registry.npmjs.org/android-22 not in flight; fetching
32 verbose request uri https://registry.npmjs.org/android-22
33 verbose request no auth needed
34 info attempt registry request try #1 at 11:43:17 AM
35 verbose request id 17fa8dd5d86934e1
36 http request GET https://registry.npmjs.org/android-22
37 http 404 https://registry.npmjs.org/android-22
38 verbose headers { 'content-type': 'application/json',
38 verbose headers   'cache-control': 'max-age=0',
38 verbose headers   'content-length': '2',
38 verbose headers   'accept-ranges': 'bytes',
38 verbose headers   date: 'Thu, 24 Sep 2015 15:43:04 GMT',
38 verbose headers   via: '1.1 varnish',
38 verbose headers   age: '0',
38 verbose headers   connection: 'keep-alive',
38 verbose headers   'x-served-by': 'cache-iad2140-IAD',
38 verbose headers   'x-cache': 'MISS',
38 verbose headers   'x-cache-hits': '0',
38 verbose headers   'x-timer': 'S1443109384.836198,VS0,VE31' }
39 silly get cb [ 404,
39 silly get   { 'content-type': 'application/json',
39 silly get     'cache-control': 'max-age=0',
39 silly get     'content-length': '2',
39 silly get     'accept-ranges': 'bytes',
39 silly get     date: 'Thu, 24 Sep 2015 15:43:04 GMT',
39 silly get     via: '1.1 varnish',
39 silly get     age: '0',
39 silly get     connection: 'keep-alive',
39 silly get     'x-served-by': 'cache-iad2140-IAD',
39 silly get     'x-cache': 'MISS',
39 silly get     'x-cache-hits': '0',
39 silly get     'x-timer': 'S1443109384.836198,VS0,VE31' } ]
40 verbose stack Error: Registry returned 404 for GET on https://registry.npmjs.org/android-22
40 verbose stack     at CachingRegistryClient.<anonymous> (/usr/local/lib/node_modules/npm/node_modules/npm-registry-client/lib/request.js:239:14)
40 verbose stack     at Request._callback (/usr/local/lib/node_modules/npm/node_modules/npm-registry-client/lib/request.js:170:14)
40 verbose stack     at Request.self.callback (/usr/local/lib/node_modules/npm/node_modules/request/request.js:354:22)
40 verbose stack     at Request.emit (events.js:110:17)
40 verbose stack     at Request.<anonymous> (/usr/local/lib/node_modules/npm/node_modules/request/request.js:1207:14)
40 verbose stack     at Request.emit (events.js:129:20)
40 verbose stack     at IncomingMessage.<anonymous> (/usr/local/lib/node_modules/npm/node_modules/request/request.js:1153:12)
40 verbose stack     at IncomingMessage.emit (events.js:129:20)
40 verbose stack     at _stream_readable.js:908:16
40 verbose stack     at process._tickCallback (node.js:355:11)
41 verbose statusCode 404
42 verbose pkgid android-22
43 verbose cwd /Users/pablolopez/Desktop/tutorials/front-end-masters/ionic/trendindex
44 error Darwin 14.3.0
45 error argv "node" "/usr/local/bin/npm" "install" "android-22"
46 error node v0.12.7
47 error npm  v2.11.3
48 error code E404
49 error 404 Registry returned 404 for GET on https://registry.npmjs.org/android-22
49 error 404
49 error 404 'android-22' is not in the npm registry.
49 error 404 You should bug the author to publish it (or use the name yourself!)
49 error 404 It was specified as a dependency of 'trendindex'
49 error 404
49 error 404 Note that you can also install from a
49 error 404 tarball, folder, http url, or git url.
50 verbose exit [ 1, true ]
